Removed Pin From Net: NetName=VBATT Pin=ESC1-1
Removed Pin From Net: NetName=GND Pin=ESC1-2
Change Component Footprint: Designator=ESC1 Old Footprint=HDR1X2 New Footprint=Banana 3.5mm PowerPad
Added Pin To Net: NetName=VBATT Pin=ESC1-0
Added Pin To Net: NetName=VBATT Pin=ESC1-0
Added Pin To Net: NetName=VBATT Pin=ESC1-0
Added Pin To Net: NetName=VBATT Pin=ESC1-0
Added Pin To Net: NetName=VBATT Pin=ESC1-0
Added Pin To Net: NetName=VBATT Pin=ESC1-0
Added Pin To Net: NetName=VBATT Pin=ESC1-0
Added Pin To Net: NetName=VBATT Pin=ESC1-0
Added Pin To Net: NetName=VBATT Pin=ESC1-0
Added Pin To Net: NetName=VBATT Pin=ESC1-0
Added Pin To Net: NetName=VBATT Pin=ESC1-0
Added Pin To Net: NetName=VBATT Pin=ESC1-0
Added Pin To Net: NetName=VBATT Pin=ESC1-0
Added Pin To Net: NetName=VBATT Pin=ESC1-0
Added Pin To Net: NetName=VBATT Pin=ESC1-0
Added Pin To Net: NetName=VBATT Pin=ESC1-0
Added Pin To Net: NetName=GND Pin=ESC1-1
Added Pin To Net: NetName=GND Pin=ESC1-1
Added Pin To Net: NetName=GND Pin=ESC1-1
Added Pin To Net: NetName=GND Pin=ESC1-1
Added Pin To Net: NetName=GND Pin=ESC1-1
Added Pin To Net: NetName=GND Pin=ESC1-1
Added Pin To Net: NetName=GND Pin=ESC1-1
Added Pin To Net: NetName=GND Pin=ESC1-1
Added Pin To Net: NetName=GND Pin=ESC1-1
Added Pin To Net: NetName=GND Pin=ESC1-1
Added Pin To Net: NetName=GND Pin=ESC1-1
Added Pin To Net: NetName=GND Pin=ESC1-1
Added Pin To Net: NetName=GND Pin=ESC1-1
Added Pin To Net: NetName=GND Pin=ESC1-1
Added Pin To Net: NetName=GND Pin=ESC1-1
Added Pin To Net: NetName=GND Pin=ESC1-1
