Added Component: Designator=BatEnable(HDR1X2)
Added Component: Designator=Batt(HDR1X2)
Added Component: Designator=ESC1(HDR1X2)
Added Component: Designator=ESC2(HDR1X2)
Added Component: Designator=ESC3(HDR1X2)
Added Component: Designator=ESC4(HDR1X2)
Added Component: Designator=LED_Batt(6-0805_L)
Added Component: Designator=R_LED(6-0805_L)
Added Pin To Net: NetName=GND Pin=Batt-2
Added Pin To Net: NetName=GND Pin=ESC1-2
Added Pin To Net: NetName=GND Pin=ESC2-2
Added Pin To Net: NetName=GND Pin=ESC3-2
Added Pin To Net: NetName=GND Pin=ESC4-2
Added Pin To Net: NetName=GND Pin=R_LED-1
Added Net: Name=GND
Added Pin To Net: NetName=NetBatEnable_2 Pin=BatEnable-2
Added Pin To Net: NetName=NetBatEnable_2 Pin=LED_Batt-1
Added Net: Name=NetBatEnable_2
Added Pin To Net: NetName=NetLED_Batt_2 Pin=LED_Batt-2
Added Pin To Net: NetName=NetLED_Batt_2 Pin=R_LED-2
Added Net: Name=NetLED_Batt_2
Added Pin To Net: NetName=VBATT Pin=BatEnable-1
Added Pin To Net: NetName=VBATT Pin=Batt-1
Added Pin To Net: NetName=VBATT Pin=ESC1-1
Added Pin To Net: NetName=VBATT Pin=ESC2-1
Added Pin To Net: NetName=VBATT Pin=ESC3-1
Added Pin To Net: NetName=VBATT Pin=ESC4-1
Added Net: Name=VBATT
Added Class: Name=PCB Schematic
Added Room: Name=PCB Schematic
